2026-03-11 19:24:52,063 [INFO] ============================================================
2026-03-11 19:24:52,063 [INFO] Script 10: Build Monthly Panel
2026-03-11 19:24:52,063 [INFO] ============================================================
2026-03-11 19:24:52,063 [INFO] Step 1 — Loading raw CSVs...
2026-03-11 19:24:52,069 [INFO]   rnpdno_total.csv: 57,366 rows, status_id=[0]
2026-03-11 19:24:52,071 [INFO]   rnpdno_disappeared_not_located.csv: 34,665 rows, status_id=[7]
2026-03-11 19:24:52,074 [INFO]   rnpdno_located_alive.csv: 37,363 rows, status_id=[2]
2026-03-11 19:24:52,075 [INFO]   rnpdno_located_dead.csv: 9,883 rows, status_id=[3]
2026-03-11 19:24:52,084 [INFO] Combined raw: 139,277 rows
2026-03-11 19:24:52,085 [INFO] Step 2 — Removing sentinel geocodes...
2026-03-11 19:24:52,128 [INFO] Sentinels removed: 4,162 rows  (139,277 → 135,115)
2026-03-11 19:24:52,139 [INFO]   Persons in sentinel rows: 12,206
2026-03-11 19:24:52,139 [INFO] Step 3 — Building name and state lookups...
2026-03-11 19:24:52,175 [INFO]   Unique municipalities in raw data: 1,955
2026-03-11 19:24:52,175 [INFO]   Unique states in raw data: 32
2026-03-11 19:24:52,185 [INFO] Step 5 — Loading canonical municipality list from geoparquet...
2026-03-11 19:24:52,435 [INFO]   Canonical municipalities: 2,478
2026-03-11 19:24:52,436 [INFO] Step 6 — Loading regional classification...
2026-03-11 19:24:52,437 [INFO] Step 7 — Building full grid...
2026-03-11 19:24:52,458 [INFO] Full grid: 1,308,384 rows  (2,478 munis × 132 months × 4 statuses)
2026-03-11 19:24:52,458 [INFO] Step 8 — Zero-infilling (joining counts onto grid)...
2026-03-11 19:24:52,556 [INFO]   Zero-filled rows: 1,173,312 of 1,308,427
2026-03-11 19:24:52,557 [INFO] Step 9 — Joining municipality names...
2026-03-11 19:24:52,658 [INFO] Step 10 — Joining regional classification...
2026-03-11 19:24:52,687 [INFO] Step 12 — Validating panel...
2026-03-11 19:24:52,693 [INFO]   Total rows:  1,308,427
2026-03-11 19:24:52,693 [INFO]   total != m+f+u mismatches: 0
2026-03-11 19:24:52,697 [INFO]   Statuses:    [0, 2, 3, 7]
2026-03-11 19:24:52,698 [INFO]   Year range:  2015–2025
2026-03-11 19:24:52,698 [INFO]   Month range: 1–12
2026-03-11 19:24:52,707 [INFO]   Unique cvegeo: 2,478
2026-03-11 19:24:52,713 [INFO]   Sum of total (status_id=0): 262,838 person-months
2026-03-11 19:24:52,810 [INFO] Saved → /home/marco/workspace/work/rnpdno-population-bands/data/processed/panel_monthly_counts.parquet
2026-03-11 19:24:52,811 [INFO] Script 10 complete.
2026-03-11 19:25:40,111 [INFO] ============================================================
2026-03-11 19:25:40,111 [INFO] Script 10: Build Monthly Panel
2026-03-11 19:25:40,111 [INFO] ============================================================
2026-03-11 19:25:40,111 [INFO] Step 1 — Loading raw CSVs...
2026-03-11 19:25:40,118 [INFO]   rnpdno_total.csv: 57,366 rows, status_id=[0]
2026-03-11 19:25:40,120 [INFO]   rnpdno_disappeared_not_located.csv: 34,665 rows, status_id=[7]
2026-03-11 19:25:40,123 [INFO]   rnpdno_located_alive.csv: 37,363 rows, status_id=[2]
2026-03-11 19:25:40,124 [INFO]   rnpdno_located_dead.csv: 9,883 rows, status_id=[3]
2026-03-11 19:25:40,126 [INFO] Combined raw: 139,277 rows
2026-03-11 19:25:40,127 [INFO] Step 2 — Removing sentinel geocodes...
2026-03-11 19:25:40,137 [INFO] Sentinels removed: 4,162 rows  (139,277 → 135,115)
2026-03-11 19:25:40,145 [INFO]   Persons in sentinel rows: 12,206
2026-03-11 19:25:40,145 [INFO] Step 3 — Building name and state lookups...
2026-03-11 19:25:40,161 [INFO]   Unique municipalities in raw data: 1,955
2026-03-11 19:25:40,161 [INFO]   Unique states in raw data: 32
2026-03-11 19:25:40,187 [WARNING] Aggregated 43 duplicate (cvegeo,year,month,status_id) rows by summing counts  (135,115 → 135,072)
2026-03-11 19:25:40,187 [INFO] Step 5 — Loading canonical municipality list from geoparquet...
2026-03-11 19:25:40,429 [INFO]   Canonical municipalities: 2,478
2026-03-11 19:25:40,430 [INFO] Step 6 — Loading regional classification...
2026-03-11 19:25:40,431 [INFO] Step 7 — Building full grid...
2026-03-11 19:25:40,442 [INFO] Full grid: 1,308,384 rows  (2,478 munis × 132 months × 4 statuses)
2026-03-11 19:25:40,443 [INFO] Step 8 — Zero-infilling (joining counts onto grid)...
2026-03-11 19:25:40,514 [INFO]   Zero-filled rows: 1,173,312 of 1,308,384
2026-03-11 19:25:40,514 [INFO] Step 9 — Joining municipality names...
2026-03-11 19:25:40,593 [INFO] Step 10 — Joining regional classification...
2026-03-11 19:25:40,619 [INFO] Step 12 — Validating panel...
2026-03-11 19:25:40,623 [INFO]   Total rows:  1,308,384
2026-03-11 19:25:40,623 [INFO]   total != m+f+u mismatches: 0
2026-03-11 19:25:40,626 [INFO]   Statuses:    [0, 2, 3, 7]
2026-03-11 19:25:40,626 [INFO]   Year range:  2015–2025
2026-03-11 19:25:40,627 [INFO]   Month range: 1–12
2026-03-11 19:25:40,634 [INFO]   Unique cvegeo: 2,478
2026-03-11 19:25:40,641 [INFO]   Sum of total (status_id=0): 262,838 person-months
2026-03-11 19:25:40,672 [INFO] Saved → /home/marco/workspace/work/rnpdno-population-bands/data/processed/panel_monthly_counts.parquet
2026-03-11 19:25:40,672 [INFO] Script 10 complete.
2026-03-11 19:25:45,864 [INFO] ============================================================
2026-03-11 19:25:45,864 [INFO] Script 11: Build Spatial Weights
2026-03-11 19:25:45,864 [INFO] ============================================================
2026-03-11 19:25:45,864 [INFO] Step 1 — Loading valid municipality list from panel...
2026-03-11 19:25:45,948 [INFO]   Valid municipalities: 2,478
2026-03-11 19:25:45,948 [INFO] Step 2 — Loading municipios geoparquet...
2026-03-11 19:25:46,198 [INFO]   Loaded: 2,478 municipalities, CRS EPSG:6372
2026-03-11 19:25:46,201 [INFO]   After filtering to valid munis: 2,478
2026-03-11 19:25:46,201 [INFO] Step 5 — Building Queen contiguity weights (row-standardized)...
2026-03-11 19:25:53,077 [INFO]   Observations:    2,478
2026-03-11 19:25:53,078 [INFO]   Islands:         52
2026-03-11 19:25:53,078 [INFO]   Min neighbors:   0
2026-03-11 19:25:53,078 [INFO]   Max neighbors:   22
2026-03-11 19:25:53,078 [INFO]   Mean neighbors:  5.07
2026-03-11 19:25:53,079 [INFO] Saved → /home/marco/workspace/work/rnpdno-population-bands/data/processed/spatial_weights_queen.gal
2026-03-11 19:25:53,081 [INFO] Saved → /home/marco/workspace/work/rnpdno-population-bands/data/processed/island_municipalities.csv  (52 islands)
2026-03-11 19:25:53,081 [INFO] Script 11 complete.
2026-03-11 19:40:12,913 [INFO] ============================================================
2026-03-11 19:40:12,913 [INFO] Script 10: Build Monthly Panel
2026-03-11 19:40:12,913 [INFO] ============================================================
2026-03-11 19:40:12,913 [INFO] Step 1 — Loading raw CSVs...
2026-03-11 19:40:12,919 [INFO]   rnpdno_total.csv: 57,366 rows, status_id=[0]
2026-03-11 19:40:12,921 [INFO]   rnpdno_disappeared_not_located.csv: 34,665 rows, status_id=[7]
2026-03-11 19:40:12,923 [INFO]   rnpdno_located_alive.csv: 37,363 rows, status_id=[2]
2026-03-11 19:40:12,924 [INFO]   rnpdno_located_dead.csv: 9,883 rows, status_id=[3]
2026-03-11 19:40:12,926 [INFO] Combined raw: 139,277 rows
2026-03-11 19:40:12,926 [INFO] Step 2 — Removing sentinel geocodes...
2026-03-11 19:40:12,934 [INFO] Sentinels removed: 4,162 rows  (139,277 → 135,115)
2026-03-11 19:40:12,942 [INFO]   Persons in sentinel rows: 12,206
2026-03-11 19:40:12,942 [INFO] Step 3 — Building name and state lookups...
2026-03-11 19:40:12,956 [INFO]   Unique municipalities in raw data: 1,955
2026-03-11 19:40:12,957 [INFO]   Unique states in raw data: 32
2026-03-11 19:40:12,988 [WARNING] Dropped 43 ghost duplicate rows (kept max-total row per key)  (135,115 → 135,072)
2026-03-11 19:40:12,988 [INFO] Step 5 — Loading canonical municipality list from geoparquet...
2026-03-11 19:40:13,227 [INFO]   Canonical municipalities: 2,478
2026-03-11 19:40:13,227 [INFO] Step 6 — Loading regional classification...
2026-03-11 19:40:13,229 [INFO] Step 7 — Building full grid...
2026-03-11 19:40:13,239 [INFO] Full grid: 1,308,384 rows  (2,478 munis × 132 months × 4 statuses)
2026-03-11 19:40:13,239 [INFO] Step 8 — Zero-infilling (joining counts onto grid)...
2026-03-11 19:40:13,314 [INFO]   Zero-filled rows: 1,173,312 of 1,308,384
2026-03-11 19:40:13,314 [INFO] Step 9 — Joining municipality names...
2026-03-11 19:40:13,390 [INFO] Step 10 — Joining regional classification...
2026-03-11 19:40:13,420 [INFO] Step 12 — Validating panel...
2026-03-11 19:40:13,423 [INFO]   Total rows:  1,308,384
2026-03-11 19:40:13,423 [INFO]   total != m+f+u mismatches: 0
2026-03-11 19:40:13,426 [INFO]   Statuses:    [0, 2, 3, 7]
2026-03-11 19:40:13,426 [INFO]   Year range:  2015–2025
2026-03-11 19:40:13,427 [INFO]   Month range: 1–12
2026-03-11 19:40:13,434 [INFO]   Unique cvegeo: 2,478
2026-03-11 19:40:13,440 [INFO]   Sum of total (status_id=0): 262,814 person-months
2026-03-11 19:40:13,468 [INFO] Saved → /home/marco/workspace/work/rnpdno-population-bands/data/processed/panel_monthly_counts.parquet
2026-03-11 19:40:13,468 [INFO] Script 10 complete.
2026-03-11 19:42:51,756 [INFO] ============================================================
2026-03-11 19:42:51,757 [INFO] Script 10: Build Monthly Panel
2026-03-11 19:42:51,757 [INFO] ============================================================
2026-03-11 19:42:51,757 [INFO] Step 1 — Loading raw CSVs...
2026-03-11 19:42:51,762 [INFO]   rnpdno_total.csv: 57,327 rows, status_id=[0]
2026-03-11 19:42:51,765 [INFO]   rnpdno_disappeared_not_located.csv: 34,640 rows, status_id=[7]
2026-03-11 19:42:51,767 [INFO]   rnpdno_located_alive.csv: 37,358 rows, status_id=[2]
2026-03-11 19:42:51,768 [INFO]   rnpdno_located_dead.csv: 9,883 rows, status_id=[3]
2026-03-11 19:42:51,769 [INFO] Combined raw: 139,208 rows
2026-03-11 19:42:51,770 [INFO] Step 2 — Removing sentinel geocodes...
2026-03-11 19:42:51,776 [INFO] Sentinels removed: 4,136 rows  (139,208 → 135,072)
2026-03-11 19:42:51,783 [INFO]   Persons in sentinel rows: 12,178
2026-03-11 19:42:51,783 [INFO] Step 3 — Building name and state lookups...
2026-03-11 19:42:51,797 [INFO]   Unique municipalities in raw data: 1,955
2026-03-11 19:42:51,797 [INFO]   Unique states in raw data: 32
2026-03-11 19:42:51,814 [INFO] Step 5 — Loading canonical municipality list from geoparquet...
2026-03-11 19:42:52,046 [INFO]   Canonical municipalities: 2,478
2026-03-11 19:42:52,046 [INFO] Step 6 — Loading regional classification...
2026-03-11 19:42:52,047 [INFO] Step 7 — Building full grid...
2026-03-11 19:42:52,056 [INFO] Full grid: 1,308,384 rows  (2,478 munis × 132 months × 4 statuses)
2026-03-11 19:42:52,056 [INFO] Step 8 — Zero-infilling (joining counts onto grid)...
2026-03-11 19:42:52,127 [INFO]   Zero-filled rows: 1,173,312 of 1,308,384
2026-03-11 19:42:52,127 [INFO] Step 9 — Joining municipality names...
2026-03-11 19:42:52,204 [INFO] Step 10 — Joining regional classification...
2026-03-11 19:42:52,232 [INFO] Step 12 — Validating panel...
2026-03-11 19:42:52,235 [INFO]   Total rows:  1,308,384
2026-03-11 19:42:52,235 [INFO]   total != m+f+u mismatches: 0
2026-03-11 19:42:52,237 [INFO]   Statuses:    [0, 2, 3, 7]
2026-03-11 19:42:52,238 [INFO]   Year range:  2015–2025
2026-03-11 19:42:52,238 [INFO]   Month range: 1–12
2026-03-11 19:42:52,245 [INFO]   Unique cvegeo: 2,478
2026-03-11 19:42:52,251 [INFO]   Sum of total (status_id=0): 262,814 person-months
2026-03-11 19:42:52,280 [INFO] Saved → /home/marco/workspace/work/rnpdno-population-bands/data/processed/panel_monthly_counts.parquet
2026-03-11 19:42:52,280 [INFO] Script 10 complete.
2026-03-16 13:48:12,880 INFO Loading spatial weights...
2026-03-16 13:48:12,889 INFO Weights: 2478 obs, 5.07 mean neighbors, 52 islands
2026-03-16 13:48:12,889 INFO Loading panel and building value lookup array...
2026-03-16 13:48:13,075 INFO Value lookup array ready.
2026-03-16 13:48:13,076 INFO Total LISA runs: 1584 → ~3,925,152 output rows
2026-03-16 13:48:23,823 INFO   Run  100/1584 (  6.3%) — status=0 2017-10 total
2026-03-16 13:48:34,500 INFO   Run  200/1584 ( 12.6%) — status=0 2020-07 male
2026-03-16 13:48:45,140 INFO   Run  300/1584 ( 18.9%) — status=0 2023-04 female
2026-03-16 13:48:55,824 INFO   Run  400/1584 ( 25.3%) — status=2 2015-02 total
2026-03-16 13:49:06,366 INFO   Run  500/1584 ( 31.6%) — status=2 2017-11 male
2026-03-16 13:49:16,974 INFO   Run  600/1584 ( 37.9%) — status=2 2020-08 female
2026-03-16 13:49:27,591 INFO   Run  700/1584 ( 44.2%) — status=2 2023-06 total
2026-03-16 13:49:38,123 INFO   Run  800/1584 ( 50.5%) — status=3 2015-03 male
2026-03-16 13:49:48,692 INFO   Run  900/1584 ( 56.8%) — status=3 2017-12 female
2026-03-16 13:49:59,328 INFO   Run 1000/1584 ( 63.1%) — status=3 2020-10 total
2026-03-16 13:50:09,901 INFO   Run 1100/1584 ( 69.4%) — status=3 2023-07 male
2026-03-16 13:50:20,440 INFO   Run 1200/1584 ( 75.8%) — status=7 2015-04 female
2026-03-16 13:50:31,074 INFO   Run 1300/1584 ( 82.1%) — status=7 2018-02 total
2026-03-16 13:50:41,666 INFO   Run 1400/1584 ( 88.4%) — status=7 2020-11 male
2026-03-16 13:50:52,182 INFO   Run 1500/1584 ( 94.7%) — status=7 2023-08 female
2026-03-16 13:51:01,117 INFO   Run 1584/1584 (100.0%) — status=7 2025-12 female
2026-03-16 13:51:01,117 INFO All LISA runs complete. Building output DataFrames...
2026-03-16 13:51:01,117 INFO Writing lisa_monthly_results.parquet...
2026-03-16 13:51:01,688 INFO   lisa_monthly_results.parquet: 3,925,152 rows
2026-03-16 13:51:01,688 INFO Writing morans_i_monthly.csv...
2026-03-16 13:51:01,698 INFO   morans_i_monthly.csv: 528 rows (expected 528)
2026-03-16 13:51:01,698 INFO Writing hh_clusters_monthly.parquet...
2026-03-16 13:51:01,708 INFO   hh_clusters_monthly.parquet: 18,006 rows
2026-03-16 13:51:01,708 INFO --- Sanity checks ---
2026-03-16 13:51:01,732 INFO   Cluster labels present: ['HH', 'HL', 'LH', 'LL', 'NS']
2026-03-16 13:51:01,769 INFO   HH counts by status/sex:
shape: (12, 3)
┌───────────┬────────┬──────┐
│ status_id ┆ sex    ┆ n    │
│ ---       ┆ ---    ┆ ---  │
│ i32       ┆ str    ┆ u32  │
╞═══════════╪════════╪══════╡
│ 2         ┆ female ┆ 6997 │
│ 0         ┆ female ┆ 7799 │
│ 2         ┆ male   ┆ 6471 │
│ 2         ┆ total  ┆ 8622 │
│ 7         ┆ total  ┆ 6798 │
│ …         ┆ …      ┆ …    │
│ 3         ┆ female ┆ 198  │
│ 3         ┆ total  ┆ 2025 │
│ 7         ┆ male   ┆ 5898 │
│ 0         ┆ total  ┆ 9730 │
│ 0         ┆ male   ┆ 8658 │
└───────────┴────────┴──────┘
2026-03-16 13:51:01,769 INFO   Moran's I range: -0.0118 – 0.4242
2026-03-16 13:51:01,771 INFO   All global Moran's I significant (p<0.05): False
2026-03-16 13:51:01,771 INFO Script 12 complete.
2026-03-16 14:07:44,482 INFO Loading panel...
2026-03-16 14:07:44,497 INFO Loading LISA results...
2026-03-16 14:07:44,517 INFO Loading HH clusters...
2026-03-16 14:07:44,540 INFO Computing concentration metrics...
2026-03-16 14:07:44,574 INFO   status_id=0: done (132 year-months)
2026-03-16 14:07:44,583 INFO   status_id=2: done (132 year-months)
2026-03-16 14:07:44,592 INFO   status_id=3: done (132 year-months)
2026-03-16 14:07:44,600 INFO   status_id=7: done (132 year-months)
2026-03-16 14:07:44,603 INFO concentration_monthly.csv: 528 rows (expected 528)
2026-03-16 14:07:44,603 INFO   Gini range: 0.9146 – 0.9927
2026-03-16 14:07:44,603 INFO   HHI range:  0.0063 – 0.0776
2026-03-16 14:07:44,603 INFO Computing HH regional composition...
2026-03-16 14:07:44,684 INFO hh_regional_composition.csv: 3086 rows
2026-03-16 14:07:44,684 INFO Computing HH cross-tabulation for latest month...
2026-03-16 14:07:44,687 INFO   Latest month: 2025-12
2026-03-16 14:07:58,609 INFO Loading panel...
2026-03-16 14:07:58,624 INFO Loading LISA results...
2026-03-16 14:07:58,644 INFO Loading HH clusters...
2026-03-16 14:07:58,647 INFO Computing concentration metrics...
2026-03-16 14:07:58,675 INFO   status_id=0: done (132 year-months)
2026-03-16 14:07:58,682 INFO   status_id=2: done (132 year-months)
2026-03-16 14:07:58,690 INFO   status_id=3: done (132 year-months)
2026-03-16 14:07:58,697 INFO   status_id=7: done (132 year-months)
2026-03-16 14:07:58,698 INFO concentration_monthly.csv: 528 rows (expected 528)
2026-03-16 14:07:58,699 INFO   Gini range: 0.9146 – 0.9927
2026-03-16 14:07:58,699 INFO   HHI range:  0.0063 – 0.0776
2026-03-16 14:07:58,699 INFO Computing HH regional composition...
2026-03-16 14:07:58,729 INFO hh_regional_composition.csv: 3086 rows
2026-03-16 14:07:58,729 INFO Computing HH cross-tabulation for latest month...
2026-03-16 14:07:58,729 INFO   Latest month: 2025-12
2026-03-16 14:07:58,744 INFO hh_cross_tabulation_latest.csv: 19 rows
2026-03-16 14:07:58,744 INFO --- Script 13 complete ---
2026-03-16 14:07:58,744 INFO   concentration_monthly.csv:        /home/marco/workspace/work/rnpdno-population-bands/data/processed/concentration_monthly.csv
2026-03-16 14:07:58,744 INFO   hh_regional_composition.csv:      /home/marco/workspace/work/rnpdno-population-bands/data/processed/hh_regional_composition.csv
2026-03-16 14:07:58,744 INFO   hh_cross_tabulation_latest.csv:   /home/marco/workspace/work/rnpdno-population-bands/data/processed/hh_cross_tabulation_latest.csv
2026-03-16 15:06:39,314 INFO === Phase 3: Figure generation ===
2026-03-16 15:06:39,314 INFO Loading panel_monthly_counts.parquet...
2026-03-16 15:06:39,328 INFO Loading concentration_monthly.csv...
2026-03-16 15:06:39,330 INFO Loading morans_i_monthly.csv...
2026-03-16 15:06:39,330 INFO Loading lisa_monthly_results.parquet...
2026-03-16 15:06:39,365 INFO Loading municipality geometry...
2026-03-16 15:16:40,332 INFO === Phase 3: Figure generation ===
2026-03-16 15:16:40,332 INFO Loading panel_monthly_counts.parquet...
2026-03-16 15:16:40,348 INFO Loading concentration_monthly.csv...
2026-03-16 15:16:40,350 INFO Loading morans_i_monthly.csv...
2026-03-16 15:16:40,350 INFO Loading lisa_monthly_results.parquet...
2026-03-16 15:16:40,392 INFO Loading municipality geometry...
2026-03-16 15:16:51,878 INFO === Phase 3: Figure generation ===
2026-03-16 15:16:51,878 INFO Loading panel_monthly_counts.parquet...
2026-03-16 15:16:51,893 INFO Loading concentration_monthly.csv...
2026-03-16 15:16:51,894 INFO Loading morans_i_monthly.csv...
2026-03-16 15:16:51,895 INFO Loading lisa_monthly_results.parquet...
2026-03-16 15:16:51,928 INFO Loading municipality geometry...
2026-03-16 15:38:17,352 INFO === Phase 3: Figure generation ===
2026-03-16 15:38:17,352 INFO Loading panel_monthly_counts.parquet...
2026-03-16 15:38:17,369 INFO Loading concentration_monthly.csv...
2026-03-16 15:38:17,370 INFO Loading morans_i_monthly.csv...
2026-03-16 15:38:17,371 INFO Loading lisa_monthly_results.parquet...
2026-03-16 15:38:17,408 INFO Loading municipality geometry...
2026-03-16 15:38:17,659 INFO Simplifying geometry (tolerance=1000 m)...
2026-03-16 15:38:19,580 INFO Fig 1: time series by status...
2026-03-16 15:38:20,891 INFO   Saved fig1_time_series_by_status.pdf + .png (PNG DPI=300)
2026-03-16 15:38:20,893 INFO Fig 2: Gini time series...
2026-03-16 15:38:21,191 INFO   Saved fig2_gini_time_series.pdf + .png (PNG DPI=300)
2026-03-16 15:38:21,191 INFO Fig 3: Lorenz curves...
2026-03-16 15:38:21,784 INFO   Saved fig3_lorenz_curves.pdf + .png (PNG DPI=300)
2026-03-16 15:38:21,785 INFO Fig 4: Moran's I time series...
2026-03-16 15:38:22,319 INFO   Saved fig4_morans_i_time_series.pdf + .png (PNG DPI=300)
2026-03-16 15:38:22,319 INFO Fig 5: LISA maps 2025-12...
2026-03-16 15:38:24,183 INFO   Saved fig5_lisa_maps_latest.pdf + .png (PNG DPI=150)
2026-03-16 15:38:24,183 INFO Fig 6: HH trend Norte vs Bajío...
2026-03-16 15:38:24,932 INFO   Saved fig6_hh_trend_norte_bajio.pdf + .png (PNG DPI=300)
2026-03-16 15:38:24,933 INFO Fig 7: LISA maps 2015-12 vs 2024-12...
2026-03-16 15:38:26,826 INFO   Saved fig7_lisa_maps_2015_vs_2024.pdf + .png (PNG DPI=150)
2026-03-16 15:38:26,827 INFO Fig 8: Male vs female LISA maps 2025-12...
2026-03-16 15:38:28,751 INFO   Saved fig8_sex_disaggregation_maps.pdf + .png (PNG DPI=150)
2026-03-16 15:38:28,751 INFO === Phase 3 complete. All 8 figures saved to manuscript/figures/ ===
2026-03-16 15:38:28,751 INFO   fig1_hh_trend_by_status.pdf: 29 KB PDF + 657 KB PNG
2026-03-16 15:38:28,751 INFO   fig1_time_series_by_status.pdf: 37 KB PDF + 1113 KB PNG
2026-03-16 15:38:28,751 INFO   fig2_cases_vs_rates_jaccard.pdf: 28 KB PDF + 201 KB PNG
2026-03-16 15:38:28,751 INFO   fig2_gini_time_series.pdf: 23 KB PDF + 425 KB PNG
2026-03-16 15:38:28,751 INFO   fig3_hh_maps_2015_2024.pdf: 3715 KB PDF + 3347 KB PNG
2026-03-16 15:38:28,751 INFO   fig3_lorenz_curves.pdf: 24 KB PDF + 395 KB PNG
2026-03-16 15:38:28,751 INFO   fig4_morans_i_time_series.pdf: 27 KB PDF + 605 KB PNG
2026-03-16 15:38:28,751 INFO   fig5_lisa_maps_latest.pdf: 2291 KB PDF + 664 KB PNG
2026-03-16 15:38:28,751 INFO   fig6_hh_trend_norte_bajio.pdf: 31 KB PDF + 1334 KB PNG
2026-03-16 15:38:28,751 INFO   fig7_lisa_maps_2015_vs_2024.pdf: 2320 KB PDF + 648 KB PNG
2026-03-16 15:38:28,751 INFO   fig8_sex_disaggregation_maps.pdf: 2284 KB PDF + 737 KB PNG
2026-03-16 15:42:01,864 INFO === Phase 4: Table generation ===
2026-03-16 15:42:01,864 INFO Loading data...
2026-03-16 15:42:01,917 INFO Table 1: dataset summary...
2026-03-16 15:42:01,946 INFO   Saved table1_dataset_summary.tex
2026-03-16 15:42:01,946 INFO Table 2: summary statistics...
2026-03-16 15:42:02,009 INFO   Saved table2_summary_statistics.tex
2026-03-16 15:42:02,010 INFO Table 3: concentration metrics...
2026-03-16 15:42:02,014 INFO   Saved table3_concentration_metrics.tex
2026-03-16 15:42:02,014 INFO Table 4: LISA classification counts (Dec 2024)...
2026-03-16 15:42:02,019 INFO   Saved table4_lisa_classification.tex
2026-03-16 15:42:02,019 INFO Table 5: HH cross-tabulation (Dec 2024)...
2026-03-16 15:42:02,023 INFO   Saved table5_hh_cross_tabulation.tex
2026-03-16 15:42:02,023 INFO Table 6: regional composition (Dec 2015 vs Dec 2024)...
2026-03-16 15:42:02,044 INFO   Saved table6_regional_composition.tex
2026-03-16 15:42:02,044 INFO Table 7: OLS trend slopes by region × status...
2026-03-16 15:42:02,286 INFO   Saved table7_trend_slopes.tex
2026-03-16 15:42:02,286 INFO Table 8: HH counts by sex × status (Dec 2024)...
2026-03-16 15:42:02,291 INFO   Saved table8_sex_hh_counts.tex
2026-03-16 15:42:02,291 INFO === Phase 4 complete. Tables written to manuscript/tables/ ===
2026-03-16 15:42:02,291 INFO   table1_dataset_summary.tex: 733 bytes
2026-03-16 15:42:02,291 INFO   table1_regional_shift.tex: 1529 bytes
2026-03-16 15:42:02,291 INFO   table2_summary_statistics.tex: 841 bytes
2026-03-16 15:42:02,291 INFO   table2_trend_slopes.tex: 937 bytes
2026-03-16 15:42:02,291 INFO   table3_concentration_metrics.tex: 885 bytes
2026-03-16 15:42:02,291 INFO   table4_lisa_classification.tex: 656 bytes
2026-03-16 15:42:02,291 INFO   table5_hh_cross_tabulation.tex: 600 bytes
2026-03-16 15:42:02,291 INFO   table6_regional_composition.tex: 1285 bytes
2026-03-16 15:42:02,291 INFO   table7_trend_slopes.tex: 756 bytes
2026-03-16 15:42:02,291 INFO   table8_sex_hh_counts.tex: 655 bytes
2026-03-18 17:13:15,650 INFO === Phase 3: Figure generation ===
2026-03-18 17:13:15,656 INFO Loading panel_monthly_counts.parquet...
2026-03-18 17:13:15,672 INFO Loading concentration_monthly.csv...
2026-03-18 17:13:15,674 INFO Loading morans_i_monthly.csv...
2026-03-18 17:13:15,674 INFO Loading lisa_monthly_results.parquet...
2026-03-18 17:13:15,716 INFO Loading municipality geometry...
2026-03-18 17:13:15,965 INFO Simplifying geometry (tolerance=1000 m)...
2026-03-18 17:13:17,945 INFO Fig 1: time series by status...
2026-03-18 17:13:19,141 INFO   Saved fig1_time_series_by_status.pdf + .png (PNG DPI=300)
2026-03-18 17:13:19,142 INFO Fig 2: Gini time series...
2026-03-18 17:13:19,419 INFO   Saved fig2_gini_time_series.pdf + .png (PNG DPI=300)
2026-03-18 17:13:19,420 INFO Fig 3: Lorenz curves...
2026-03-18 17:13:20,004 INFO   Saved fig3_lorenz_curves.pdf + .png (PNG DPI=300)
2026-03-18 17:13:20,004 INFO Fig 4: Moran's I time series...
2026-03-18 17:13:20,537 INFO   Saved fig4_morans_i_time_series.pdf + .png (PNG DPI=300)
2026-03-18 17:13:20,537 INFO Fig 5: LISA maps 2025-12...
2026-03-18 17:13:22,538 INFO   Saved fig5_lisa_maps_latest.pdf + .png (PNG DPI=150)
2026-03-18 17:13:22,538 INFO Fig 6: HH trend Norte vs Bajío...
2026-03-18 17:13:23,311 INFO   Saved fig6_hh_trend_norte_bajio.pdf + .png (PNG DPI=300)
2026-03-18 17:13:23,311 INFO Fig 7: LISA maps 2015-12 vs 2024-12...
2026-03-18 17:13:25,255 INFO   Saved fig7_lisa_maps_2015_vs_2024.pdf + .png (PNG DPI=150)
2026-03-18 17:13:25,255 INFO Fig 8: Male vs female LISA maps 2025-12...
2026-03-18 17:13:27,180 INFO   Saved fig8_sex_disaggregation_maps.pdf + .png (PNG DPI=150)
2026-03-18 17:13:27,180 INFO === Phase 3 complete. All 8 figures saved to manuscript/figures/ ===
2026-03-18 17:13:27,180 INFO   fig1_hh_trend_by_status.pdf: 29 KB PDF + 657 KB PNG
2026-03-18 17:13:27,180 INFO   fig1_time_series_by_status.pdf: 37 KB PDF + 1113 KB PNG
2026-03-18 17:13:27,180 INFO   fig2_cases_vs_rates_jaccard.pdf: 28 KB PDF + 201 KB PNG
2026-03-18 17:13:27,180 INFO   fig2_gini_time_series.pdf: 23 KB PDF + 425 KB PNG
2026-03-18 17:13:27,180 INFO   fig3_hh_maps_2015_2024.pdf: 3715 KB PDF + 3347 KB PNG
2026-03-18 17:13:27,180 INFO   fig3_lorenz_curves.pdf: 23 KB PDF + 390 KB PNG
2026-03-18 17:13:27,180 INFO   fig4_morans_i_time_series.pdf: 27 KB PDF + 605 KB PNG
2026-03-18 17:13:27,180 INFO   fig5_lisa_maps_latest.pdf: 2291 KB PDF + 664 KB PNG
2026-03-18 17:13:27,180 INFO   fig6_hh_trend_norte_bajio.pdf: 31 KB PDF + 1334 KB PNG
2026-03-18 17:13:27,180 INFO   fig7_lisa_maps_2015_vs_2024.pdf: 2311 KB PDF + 735 KB PNG
2026-03-18 17:13:27,180 INFO   fig8_sex_disaggregation_maps.pdf: 2284 KB PDF + 737 KB PNG
2026-03-18 17:13:40,740 INFO === Phase 4: Table generation ===
2026-03-18 17:13:40,740 INFO Loading data...
2026-03-18 17:13:40,799 INFO Table 1: dataset summary...
2026-03-18 17:13:40,835 INFO   Saved table1_dataset_summary.tex
2026-03-18 17:13:40,835 INFO Table 2: summary statistics...
2026-03-18 17:13:40,901 INFO   Saved table2_summary_statistics.tex
2026-03-18 17:13:40,901 INFO Table 3: concentration metrics...
2026-03-18 17:13:40,905 INFO   Saved table3_concentration_metrics.tex
2026-03-18 17:13:40,905 INFO Table 4: LISA classification counts (Dec 2024)...
2026-03-18 17:13:40,911 INFO   Saved table4_lisa_classification.tex
2026-03-18 17:13:40,911 INFO Table 5: HH cross-tabulation (Dec 2024)...
2026-03-18 17:13:40,914 INFO   Saved table5_hh_cross_tabulation.tex
2026-03-18 17:13:40,914 INFO Table 6: regional composition (Dec 2015 vs Dec 2024)...
2026-03-18 17:13:40,936 INFO   Saved table6_regional_composition.tex
2026-03-18 17:13:40,936 INFO Table 7: OLS trend slopes by region × status...
2026-03-18 17:13:41,196 INFO   Saved table7_trend_slopes.tex
2026-03-18 17:13:41,196 INFO Table 8: HH counts by sex × status (Dec 2024)...
2026-03-18 17:13:41,201 INFO   Saved table8_sex_hh_counts.tex
2026-03-18 17:13:41,201 INFO === Phase 4 complete. Tables written to manuscript/tables/ ===
2026-03-18 17:13:41,201 INFO   table1_dataset_summary.tex: 733 bytes
2026-03-18 17:13:41,201 INFO   table1_regional_shift.tex: 1529 bytes
2026-03-18 17:13:41,201 INFO   table2_summary_statistics.tex: 841 bytes
2026-03-18 17:13:41,201 INFO   table2_trend_slopes.tex: 937 bytes
2026-03-18 17:13:41,202 INFO   table3_concentration_metrics.tex: 885 bytes
2026-03-18 17:13:41,202 INFO   table4_lisa_classification.tex: 655 bytes
2026-03-18 17:13:41,202 INFO   table5_hh_cross_tabulation.tex: 597 bytes
2026-03-18 17:13:41,202 INFO   table6_regional_composition.tex: 1291 bytes
2026-03-18 17:13:41,202 INFO   table7_trend_slopes.tex: 756 bytes
2026-03-18 17:13:41,202 INFO   table8_sex_hh_counts.tex: 652 bytes
2026-03-19 20:54:26,998 INFO === Phase 4: Table generation ===
2026-03-19 20:54:26,998 INFO Loading data...
2026-03-19 20:54:27,276 INFO Table 1: dataset summary...
2026-03-19 20:54:27,371 INFO   Saved table1_dataset_summary.tex
2026-03-19 20:54:27,372 INFO Table 2: summary statistics...
2026-03-19 20:54:27,445 INFO   Saved table2_summary_statistics.tex
2026-03-19 20:54:27,445 INFO Table 3: concentration metrics...
2026-03-19 20:54:27,453 INFO   Saved table3_concentration_metrics.tex
2026-03-19 20:54:27,453 INFO Table 4: LISA classification counts (Jun 2025)...
2026-03-19 20:54:27,460 INFO   Saved table4_lisa_classification.tex
2026-03-19 20:54:27,460 INFO Table 5: HH cross-tabulation (Jun 2025)...
2026-03-19 20:54:27,464 INFO   Saved table5_hh_cross_tabulation.tex
2026-03-19 20:54:27,464 INFO Table 6: OLS trend slopes by region × status...
2026-03-19 20:54:28,221 INFO   Saved table6_trend_slopes.tex
2026-03-19 20:54:28,221 INFO Table 7: HH counts by sex × status (Jun 2025)...
2026-03-19 20:54:28,227 INFO   Saved table7_sex_hh_counts.tex
2026-03-19 20:54:28,227 INFO === Phase 4 complete. Tables written to manuscript/tables/ ===
2026-03-19 20:54:28,228 INFO   table1_dataset_summary.tex: 733 bytes
2026-03-19 20:54:28,228 INFO   table1_regional_shift.tex: 1529 bytes
2026-03-19 20:54:28,228 INFO   table2_summary_statistics.tex: 841 bytes
2026-03-19 20:54:28,228 INFO   table2_trend_slopes.tex: 937 bytes
2026-03-19 20:54:28,228 INFO   table3_concentration_metrics.tex: 885 bytes
2026-03-19 20:54:28,228 INFO   table4_lisa_classification.tex: 655 bytes
2026-03-19 20:54:28,228 INFO   table5_hh_cross_tabulation.tex: 596 bytes
2026-03-19 20:54:28,228 INFO   table6_regional_composition.tex: 1291 bytes
2026-03-19 20:54:28,228 INFO   table6_trend_slopes.tex: 756 bytes
2026-03-19 20:54:28,228 INFO   table7_sex_hh_counts.tex: 652 bytes
2026-03-19 20:54:28,228 INFO   table7_trend_slopes.tex: 756 bytes
2026-03-19 20:54:28,228 INFO   table8_sex_hh_counts.tex: 652 bytes
2026-03-19 20:54:38,044 INFO === Phase 3: Figure generation ===
2026-03-19 20:54:38,044 INFO Loading panel_monthly_counts.parquet...
2026-03-19 20:54:38,060 INFO Loading concentration_monthly.csv...
2026-03-19 20:54:38,062 INFO Loading morans_i_monthly.csv...
2026-03-19 20:54:38,067 INFO Loading lisa_monthly_results.parquet...
2026-03-19 20:54:38,105 INFO Loading municipality geometry...
2026-03-19 20:54:38,661 INFO Simplifying geometry (tolerance=1000 m)...
2026-03-19 20:54:40,606 INFO Fig 1: time series by status...
2026-03-19 20:54:41,896 INFO   Saved fig1_time_series_by_status.pdf + .png (PNG DPI=300)
2026-03-19 20:54:41,898 INFO Fig 2: Gini time series...
2026-03-19 20:54:42,177 INFO   Saved fig2_gini_time_series.pdf + .png (PNG DPI=300)
2026-03-19 20:54:42,177 INFO Fig 3: Lorenz curves...
2026-03-19 20:54:42,735 INFO   Saved fig3_lorenz_curves.pdf + .png (PNG DPI=300)
2026-03-19 20:54:42,735 INFO Fig 4: Moran's I time series...
2026-03-19 20:54:43,253 INFO   Saved fig4_morans_i_time_series.pdf + .png (PNG DPI=300)
2026-03-19 20:54:43,253 INFO Fig 5: LISA maps Jun 2025...
2026-03-19 20:54:45,134 INFO   Saved fig5_lisa_maps_latest.pdf + .png (PNG DPI=150)
2026-03-19 20:54:45,134 INFO Fig 6: HH trend Norte vs Bajío...
2026-03-19 20:54:45,886 INFO   Saved fig6_hh_trend_norte_bajio.pdf + .png (PNG DPI=300)
2026-03-19 20:54:45,887 INFO Fig 7: LISA maps Jun 2015 vs Jun 2025...
2026-03-19 20:54:47,803 INFO   Saved fig7_lisa_maps_2015_vs_2025.pdf + .png (PNG DPI=150)
2026-03-19 20:54:47,803 INFO Fig 8: Male vs female LISA maps Jun 2025...
2026-03-19 20:54:49,693 INFO   Saved fig8_sex_disaggregation_maps.pdf + .png (PNG DPI=150)
2026-03-19 20:54:49,693 INFO Fig 9: Regional HH heatmap...
2026-03-19 20:54:50,819 INFO   Saved fig9_regional_hh_heatmap.pdf + .png (PNG DPI=300)
2026-03-19 20:54:50,819 INFO === Phase 3 complete. All 9 figures saved to manuscript/figures/ ===
2026-03-19 20:54:50,820 INFO   fig1_hh_trend_by_status.pdf: 29 KB PDF + 657 KB PNG
2026-03-19 20:54:50,820 INFO   fig1_time_series_by_status.pdf: 37 KB PDF + 1113 KB PNG
2026-03-19 20:54:50,820 INFO   fig2_cases_vs_rates_jaccard.pdf: 28 KB PDF + 201 KB PNG
2026-03-19 20:54:50,820 INFO   fig2_gini_time_series.pdf: 23 KB PDF + 425 KB PNG
2026-03-19 20:54:50,820 INFO   fig3_hh_maps_2015_2024.pdf: 3715 KB PDF + 3347 KB PNG
2026-03-19 20:54:50,820 INFO   fig3_lorenz_curves.pdf: 24 KB PDF + 391 KB PNG
2026-03-19 20:54:50,820 INFO   fig4_morans_i_time_series.pdf: 27 KB PDF + 605 KB PNG
2026-03-19 20:54:50,820 INFO   fig5_lisa_maps_latest.pdf: 2301 KB PDF + 724 KB PNG
2026-03-19 20:54:50,820 INFO   fig6_hh_trend_norte_bajio.pdf: 31 KB PDF + 1334 KB PNG
2026-03-19 20:54:50,820 INFO   fig7_lisa_maps_2015_vs_2024.pdf: 2311 KB PDF + 735 KB PNG
2026-03-19 20:54:50,820 INFO   fig7_lisa_maps_2015_vs_2025.pdf: 2316 KB PDF + 877 KB PNG
2026-03-19 20:54:50,820 INFO   fig8_sex_disaggregation_maps.pdf: 2306 KB PDF + 765 KB PNG
2026-03-19 20:54:50,820 INFO   fig9_regional_hh_heatmap.pdf: 44 KB PDF + 367 KB PNG
