2026-03-11 20:05:00,612 [localizadas_sin_vida] ==================================================
2026-03-11 20:05:00,612 [localizadas_sin_vida] SCRAPING: localizadas_sin_vida (id=3)
2026-03-11 20:05:00,612 [localizadas_sin_vida] Single month: 2015-12
2026-03-11 20:05:00,612 [localizadas_sin_vida] ==================================================
2026-03-11 20:05:00,612 [localizadas_sin_vida] 
Downloading 2015-12 ...
2026-03-11 20:05:02,528 [localizadas_sin_vida]   Estado 01 (Aguascalientes      ):    1 persons
2026-03-11 20:05:24,329 [localizadas_sin_vida]   Estado 05 (Coahuila            ):    1 persons
2026-03-11 20:05:32,757 [localizadas_sin_vida]   Estado 07 (Chiapas             ):    1 persons
2026-03-11 20:05:39,581 [localizadas_sin_vida]   Estado 08 (Chihuahua           ):    4 persons
2026-03-11 20:06:08,027 [localizadas_sin_vida]   Estado 12 (Guerrero            ):    3 persons
2026-03-11 20:06:21,143 [localizadas_sin_vida]   Estado 14 (Jalisco             ):    4 persons
2026-03-11 20:06:41,334 [localizadas_sin_vida]   Estado 15 (México              ):    9 persons
2026-03-11 20:06:59,207 [localizadas_sin_vida]   Estado 17 (Morelos             ):    1 persons
2026-03-11 20:07:18,024 [localizadas_sin_vida]   Estado 22 (Querétaro           ):    2 persons
2026-03-11 20:07:35,197 [localizadas_sin_vida]   Estado 25 (Sinaloa             ):    9 persons
2026-03-11 20:07:52,085 [localizadas_sin_vida]   Estado 28 (Tamaulipas          ):    2 persons
2026-03-11 20:08:05,765 [localizadas_sin_vida]   Estado 32 (Zacatecas           ):    1 persons
2026-03-11 20:08:08,896 [localizadas_sin_vida] Saved: rnpdno_localizadas_sin_vida_2015_12.csv  (27 municipality rows, 38 persons)
2026-03-11 20:08:09,898 [localizadas_sin_vida] DONE
